2020-05-31 19:42:58,758 groundEstimatedHeight v1.1.0 INFO Logger started - [bpaTools.Logger.Logger]groundEstimatedHeight v1.1.0
2020-05-31 19:42:58,774 groundEstimatedHeight v1.1.0 CRITICAL Missing coordinates of area 400001132750912
2020-05-31 19:42:58,774 groundEstimatedHeight v1.1.0 CRITICAL Missing coordinates of area 400002986940360
2020-05-31 19:42:58,774 groundEstimatedHeight v1.1.0 CRITICAL Missing coordinates of area 400001465351472
2020-05-31 19:42:58,774 groundEstimatedHeight v1.1.0 CRITICAL Missing coordinates of area 1448975000
2020-05-31 19:42:58,774 groundEstimatedHeight v1.1.0 CRITICAL Missing coordinates of area 101003256852378
2020-05-31 19:42:58,774 groundEstimatedHeight v1.1.0 CRITICAL Missing coordinates of area 4485774
2020-05-31 19:42:58,774 groundEstimatedHeight v1.1.0 CRITICAL Missing coordinates of area 4486091
2020-05-31 19:42:58,774 groundEstimatedHeight v1.1.0 CRITICAL Missing coordinates of area 101001029233026
2020-05-31 19:42:58,774 groundEstimatedHeight v1.1.0 CRITICAL Missing coordinates of area 230150578
2020-05-31 19:42:58,774 groundEstimatedHeight v1.1.0 CRITICAL Missing coordinates of area 4486001
2020-05-31 19:42:58,774 groundEstimatedHeight v1.1.0 CRITICAL Missing coordinates of area 4486227
2020-05-31 19:42:58,774 groundEstimatedHeight v1.1.0 CRITICAL Missing coordinates of area 4486229
2020-05-31 19:42:58,774 groundEstimatedHeight v1.1.0 CRITICAL Missing coordinates of area 4486087
2020-05-31 19:42:58,789 groundEstimatedHeight v1.1.0 CRITICAL Missing coordinates of area 762070622
2020-05-31 19:42:58,789 groundEstimatedHeight v1.1.0 CRITICAL Missing coordinates of area 300000402681450
2020-05-31 19:42:58,789 groundEstimatedHeight v1.1.0 CRITICAL Missing coordinates of area 81144990
2020-05-31 19:42:58,789 groundEstimatedHeight v1.1.0 CRITICAL Missing coordinates of area 14253357
2020-05-31 19:42:58,789 groundEstimatedHeight v1.1.0 CRITICAL Missing coordinates of area 14256552
2020-05-31 19:42:58,789 groundEstimatedHeight v1.1.0 CRITICAL Missing coordinates of area 84253530
2020-05-31 19:42:58,789 groundEstimatedHeight v1.1.0 CRITICAL Missing coordinates of area 4485682
2020-05-31 19:42:58,789 groundEstimatedHeight v1.1.0 CRITICAL Missing coordinates of area 101000831128073
2020-05-31 19:42:58,789 groundEstimatedHeight v1.1.0 CRITICAL Missing coordinates of area 101000831128112
2020-05-31 19:42:58,789 groundEstimatedHeight v1.1.0 CRITICAL Missing coordinates of area 101000850011806
2020-05-31 19:42:58,789 groundEstimatedHeight v1.1.0 CRITICAL Missing coordinates of area 101000850011888
2020-05-31 19:42:58,789 groundEstimatedHeight v1.1.0 CRITICAL Missing coordinates of area 345843140
2020-05-31 19:42:58,789 groundEstimatedHeight v1.1.0 CRITICAL Missing coordinates of area 345843138
2020-05-31 19:42:58,789 groundEstimatedHeight v1.1.0 CRITICAL Missing coordinates of area 101000682773309
2020-05-31 19:42:58,789 groundEstimatedHeight v1.1.0 CRITICAL Missing coordinates of area 101000682773329
2020-05-31 19:42:58,789 groundEstimatedHeight v1.1.0 CRITICAL Missing coordinates of area 101000682773366
2020-05-31 19:42:58,789 groundEstimatedHeight v1.1.0 CRITICAL Missing coordinates of area 1449116297
2020-05-31 19:42:58,789 groundEstimatedHeight v1.1.0 CRITICAL Missing coordinates of area 300000451553081
2020-05-31 19:42:58,789 groundEstimatedHeight v1.1.0 CRITICAL Missing coordinates of area 300000451553165
2020-05-31 19:42:58,789 groundEstimatedHeight v1.1.0 CRITICAL Missing coordinates of area 300000451553272
2020-05-31 19:42:58,789 groundEstimatedHeight v1.1.0 CRITICAL Missing coordinates of area 300000451553460
2020-05-31 19:42:58,789 groundEstimatedHeight v1.1.0 CRITICAL Missing coordinates of area 400002940294487
2020-05-31 19:42:58,789 groundEstimatedHeight v1.1.0 CRITICAL Missing coordinates of area 400002071037810
2020-05-31 19:42:58,789 groundEstimatedHeight v1.1.0 CRITICAL Missing coordinates of area 1449455607
2020-05-31 19:42:58,789 groundEstimatedHeight v1.1.0 CRITICAL Missing coordinates of area 1449455755
2020-05-31 19:42:58,789 groundEstimatedHeight v1.1.0 CRITICAL Missing coordinates of area 1449455721
2020-05-31 19:42:58,789 groundEstimatedHeight v1.1.0 CRITICAL Missing coordinates of area 1449455741
2020-05-31 19:42:58,789 groundEstimatedHeight v1.1.0 CRITICAL Missing coordinates of area 400001132750900
2020-05-31 19:42:58,789 groundEstimatedHeight v1.1.0 CRITICAL Missing coordinates of area 400001132750914
2020-05-31 19:42:58,805 groundEstimatedHeight v1.1.0 CRITICAL Missing coordinates of area 400002986940355
2020-05-31 19:42:58,805 groundEstimatedHeight v1.1.0 CRITICAL Missing coordinates of area 400002986940358
2020-05-31 19:42:58,805 groundEstimatedHeight v1.1.0 CRITICAL Missing coordinates of area 400001132750898
2020-05-31 19:42:58,805 groundEstimatedHeight v1.1.0 CRITICAL Missing coordinates of area 400001132750896
2020-05-31 19:42:58,805 groundEstimatedHeight v1.1.0 CRITICAL Missing coordinates of area 400002986940363
2020-05-31 19:42:58,805 groundEstimatedHeight v1.1.0 CRITICAL Missing coordinates of area 400001132750894
2020-05-31 19:42:58,805 groundEstimatedHeight v1.1.0 CRITICAL Missing coordinates of area 400002984123757
2020-05-31 19:42:58,805 groundEstimatedHeight v1.1.0 CRITICAL Missing coordinates of area 13353695
2020-05-31 19:42:58,805 groundEstimatedHeight v1.1.0 CRITICAL Missing coordinates of area 300000318911476
2020-05-31 19:42:58,805 groundEstimatedHeight v1.1.0 CRITICAL Missing coordinates of area 400003000666920
2020-05-31 19:42:58,805 groundEstimatedHeight v1.1.0 CRITICAL Missing coordinates of area 4486079
2020-05-31 19:42:58,805 groundEstimatedHeight v1.1.0 CRITICAL Missing coordinates of area 4486269
2020-05-31 19:42:58,805 groundEstimatedHeight v1.1.0 CRITICAL Missing coordinates of area 4486077
2020-05-31 19:42:58,805 groundEstimatedHeight v1.1.0 CRITICAL Missing coordinates of area 400002984123749
2020-05-31 19:42:58,805 groundEstimatedHeight v1.1.0 CRITICAL Missing coordinates of area 400002984123763
2020-05-31 19:42:58,805 groundEstimatedHeight v1.1.0 CRITICAL Missing coordinates of area 310486806
2020-05-31 19:42:58,805 groundEstimatedHeight v1.1.0 CRITICAL Missing coordinates of area 1449455537
2020-05-31 19:42:58,805 groundEstimatedHeight v1.1.0 CRITICAL Missing coordinates of area 4486265
2020-05-31 19:42:58,805 groundEstimatedHeight v1.1.0 CRITICAL Missing coordinates of area 1448975042
2020-05-31 19:42:58,805 groundEstimatedHeight v1.1.0 CRITICAL Missing coordinates of area 100760290
2020-05-31 19:42:58,805 groundEstimatedHeight v1.1.0 CRITICAL Missing coordinates of area 100760256
2020-05-31 19:42:58,805 groundEstimatedHeight v1.1.0 CRITICAL Missing coordinates of area 13358063
2020-05-31 19:42:58,805 groundEstimatedHeight v1.1.0 CRITICAL Missing coordinates of area 13362590
2020-05-31 19:42:58,805 groundEstimatedHeight v1.1.0 CRITICAL Missing coordinates of area 4486035
2020-05-31 19:42:58,805 groundEstimatedHeight v1.1.0 CRITICAL Missing coordinates of area 1448975034
2020-05-31 19:42:58,805 groundEstimatedHeight v1.1.0 CRITICAL Missing coordinates of area 1448974964
2020-05-31 19:42:58,805 groundEstimatedHeight v1.1.0 CRITICAL Missing coordinates of area 364849322
2020-05-31 19:42:58,821 groundEstimatedHeight v1.1.0 CRITICAL Missing coordinates of area 364849324
2020-05-31 19:42:58,821 groundEstimatedHeight v1.1.0 CRITICAL Missing coordinates of area 364849326
2020-05-31 19:42:58,821 groundEstimatedHeight v1.1.0 CRITICAL Missing coordinates of area 4486043
2020-05-31 19:42:58,821 groundEstimatedHeight v1.1.0 CRITICAL Missing coordinates of area 364849328
2020-05-31 19:42:58,821 groundEstimatedHeight v1.1.0 CRITICAL Missing coordinates of area 364849330
2020-05-31 19:42:58,821 groundEstimatedHeight v1.1.0 CRITICAL Missing coordinates of area 101003256852390
2020-05-31 19:42:58,821 groundEstimatedHeight v1.1.0 CRITICAL Missing coordinates of area 101003256852394
2020-05-31 19:42:58,821 groundEstimatedHeight v1.1.0 CRITICAL Missing coordinates of area 13378336
2020-05-31 19:42:58,821 groundEstimatedHeight v1.1.0 CRITICAL Missing coordinates of area 4486047
2020-05-31 19:42:58,821 groundEstimatedHeight v1.1.0 CRITICAL Missing coordinates of area 364849236
2020-05-31 19:42:58,821 groundEstimatedHeight v1.1.0 CRITICAL Missing coordinates of area 364849238
2020-05-31 19:42:58,821 groundEstimatedHeight v1.1.0 CRITICAL Missing coordinates of area 4486099
2020-05-31 19:42:58,821 groundEstimatedHeight v1.1.0 CRITICAL Missing coordinates of area 4486101
2020-05-31 19:42:58,821 groundEstimatedHeight v1.1.0 CRITICAL Missing coordinates of area 4486103
2020-05-31 19:42:58,821 groundEstimatedHeight v1.1.0 CRITICAL Missing coordinates of area 364849334
2020-05-31 19:42:58,821 groundEstimatedHeight v1.1.0 CRITICAL Missing coordinates of area 4486243
2020-05-31 19:42:58,821 groundEstimatedHeight v1.1.0 CRITICAL Missing coordinates of area 4486065
2020-05-31 19:42:58,821 groundEstimatedHeight v1.1.0 CRITICAL Missing coordinates of area 4486105
2020-05-31 19:42:58,821 groundEstimatedHeight v1.1.0 CRITICAL Missing coordinates of area 4486245
2020-05-31 19:42:58,821 groundEstimatedHeight v1.1.0 CRITICAL Missing coordinates of area 4486119
2020-05-31 19:42:58,821 groundEstimatedHeight v1.1.0 CRITICAL Missing coordinates of area 4486249
2020-05-31 19:42:58,821 groundEstimatedHeight v1.1.0 CRITICAL Missing coordinates of area 4486251
2020-05-31 19:42:58,821 groundEstimatedHeight v1.1.0 CRITICAL Missing coordinates of area 4486253
2020-05-31 19:42:58,821 groundEstimatedHeight v1.1.0 CRITICAL Missing coordinates of area 364849232
2020-05-31 19:42:58,821 groundEstimatedHeight v1.1.0 CRITICAL Missing coordinates of area 364849234
2020-05-31 19:42:58,821 groundEstimatedHeight v1.1.0 CRITICAL Missing coordinates of area 364849176
2020-05-31 19:42:58,821 groundEstimatedHeight v1.1.0 CRITICAL Missing coordinates of area 364849178
2020-05-31 19:42:58,836 groundEstimatedHeight v1.1.0 CRITICAL Missing coordinates of area 364849180
2020-05-31 19:42:58,836 groundEstimatedHeight v1.1.0 CRITICAL Missing coordinates of area 364849182
2020-05-31 19:42:58,836 groundEstimatedHeight v1.1.0 CRITICAL Missing coordinates of area 364849184
2020-05-31 19:42:58,836 groundEstimatedHeight v1.1.0 CRITICAL Missing coordinates of area 364849186
2020-05-31 19:42:58,836 groundEstimatedHeight v1.1.0 CRITICAL Missing coordinates of area 400003412356057
2020-05-31 19:42:58,836 groundEstimatedHeight v1.1.0 CRITICAL Missing coordinates of area 364849188
2020-05-31 19:42:58,836 groundEstimatedHeight v1.1.0 CRITICAL Missing coordinates of area 364849190
2020-05-31 19:42:58,836 groundEstimatedHeight v1.1.0 CRITICAL Missing coordinates of area 364849192
2020-05-31 19:42:58,836 groundEstimatedHeight v1.1.0 CRITICAL Missing coordinates of area 364849194
2020-05-31 19:42:58,836 groundEstimatedHeight v1.1.0 CRITICAL Missing coordinates of area 4486211
2020-05-31 19:42:58,836 groundEstimatedHeight v1.1.0 CRITICAL Missing coordinates of area 4486213
2020-05-31 19:42:58,836 groundEstimatedHeight v1.1.0 CRITICAL Missing coordinates of area 4486121
2020-05-31 19:42:58,836 groundEstimatedHeight v1.1.0 CRITICAL Missing coordinates of area 4486123
2020-05-31 19:42:58,836 groundEstimatedHeight v1.1.0 CRITICAL Missing coordinates of area 400003412356065
2020-05-31 19:42:58,836 groundEstimatedHeight v1.1.0 CRITICAL Missing coordinates of area 400003412356085
2020-05-31 19:42:58,836 groundEstimatedHeight v1.1.0 CRITICAL Missing coordinates of area 4486125
2020-05-31 19:42:58,836 groundEstimatedHeight v1.1.0 CRITICAL Missing coordinates of area 4486127
2020-05-31 19:42:58,836 groundEstimatedHeight v1.1.0 CRITICAL Missing coordinates of area 4486291
2020-05-31 19:42:58,836 groundEstimatedHeight v1.1.0 CRITICAL Missing coordinates of area 4486199
2020-05-31 19:42:58,836 groundEstimatedHeight v1.1.0 CRITICAL Missing coordinates of area 4486201
2020-05-31 19:42:58,836 groundEstimatedHeight v1.1.0 CRITICAL Missing coordinates of area 4486203
2020-05-31 19:42:58,836 groundEstimatedHeight v1.1.0 CRITICAL Missing coordinates of area 4486205
2020-05-31 19:42:58,836 groundEstimatedHeight v1.1.0 CRITICAL Missing coordinates of area 364849314
2020-05-31 19:42:58,836 groundEstimatedHeight v1.1.0 CRITICAL Missing coordinates of area 364849316
2020-05-31 19:42:58,836 groundEstimatedHeight v1.1.0 CRITICAL Missing coordinates of area 364849318
2020-05-31 19:42:58,836 groundEstimatedHeight v1.1.0 CRITICAL Missing coordinates of area 364849320
2020-05-31 19:42:58,836 groundEstimatedHeight v1.1.0 CRITICAL Missing coordinates of area 1449455733
2020-05-31 19:42:58,836 groundEstimatedHeight v1.1.0 CRITICAL Missing coordinates of area 4486085
2020-05-31 19:42:58,852 groundEstimatedHeight v1.1.0 CRITICAL Missing coordinates of area 762070652
2020-05-31 19:42:58,852 groundEstimatedHeight v1.1.0 CRITICAL Missing coordinates of area 4485933
2020-05-31 19:42:58,852 groundEstimatedHeight v1.1.0 CRITICAL Missing coordinates of area 4485945
2020-05-31 19:42:58,852 groundEstimatedHeight v1.1.0 CRITICAL Missing coordinates of area 4485947
2020-05-31 19:42:58,852 groundEstimatedHeight v1.1.0 CRITICAL Missing coordinates of area 4485949
2020-05-31 19:42:58,852 groundEstimatedHeight v1.1.0 CRITICAL Missing coordinates of area 364849166
2020-05-31 19:42:58,852 groundEstimatedHeight v1.1.0 CRITICAL Missing coordinates of area 364849122
2020-05-31 19:42:58,852 groundEstimatedHeight v1.1.0 CRITICAL Missing coordinates of area 762070656
2020-05-31 19:42:58,852 groundEstimatedHeight v1.1.0 CRITICAL Missing coordinates of area 762070660
2020-05-31 19:42:58,852 groundEstimatedHeight v1.1.0 CRITICAL Missing coordinates of area 349302798
2020-05-31 19:42:58,852 groundEstimatedHeight v1.1.0 CRITICAL Missing coordinates of area 762070644
2020-05-31 19:42:58,852 groundEstimatedHeight v1.1.0 CRITICAL Missing coordinates of area 762070646
2020-05-31 19:42:58,852 groundEstimatedHeight v1.1.0 CRITICAL Missing coordinates of area 400001132750928
2020-05-31 19:42:58,852 groundEstimatedHeight v1.1.0 CRITICAL Missing coordinates of area 364849152
2020-05-31 19:42:58,852 groundEstimatedHeight v1.1.0 CRITICAL Missing coordinates of area 364849154
2020-05-31 19:42:58,852 groundEstimatedHeight v1.1.0 CRITICAL Missing coordinates of area 12809266
2020-05-31 19:42:58,852 groundEstimatedHeight v1.1.0 CRITICAL Missing coordinates of area 12812069
2020-05-31 19:42:58,852 groundEstimatedHeight v1.1.0 CRITICAL Missing coordinates of area 12816188
2020-05-31 19:42:58,852 groundEstimatedHeight v1.1.0 CRITICAL Missing coordinates of area 4486177
2020-05-31 19:42:58,852 groundEstimatedHeight v1.1.0 CRITICAL Missing coordinates of area 4486225
2020-05-31 19:42:58,852 groundEstimatedHeight v1.1.0 CRITICAL Missing coordinates of area 345843004
2020-05-31 19:42:58,852 groundEstimatedHeight v1.1.0 CRITICAL Missing coordinates of area 400001132750864
2020-05-31 19:42:58,852 groundEstimatedHeight v1.1.0 CRITICAL Missing coordinates of area 230150287
2020-05-31 19:42:58,852 groundEstimatedHeight v1.1.0 CRITICAL Missing coordinates of area 4486311
2020-05-31 19:42:58,852 groundEstimatedHeight v1.1.0 CRITICAL Missing coordinates of area 400001132750886
2020-05-31 19:42:58,852 groundEstimatedHeight v1.1.0 CRITICAL Missing coordinates of area 762070642
2020-05-31 19:42:58,852 groundEstimatedHeight v1.1.0 CRITICAL Missing coordinates of area 400002196596200
2020-05-31 19:42:58,852 groundEstimatedHeight v1.1.0 CRITICAL Missing coordinates of area 400001890704193
2020-05-31 19:42:58,867 groundEstimatedHeight v1.1.0 CRITICAL Missing coordinates of area 400001890704201
2020-05-31 19:42:58,867 groundEstimatedHeight v1.1.0 CRITICAL Missing coordinates of area 400001890704203
2020-05-31 19:42:58,867 groundEstimatedHeight v1.1.0 CRITICAL Missing coordinates of area 400001890704205
2020-05-31 19:42:58,867 groundEstimatedHeight v1.1.0 CRITICAL Missing coordinates of area 345843322
2020-05-31 19:42:58,867 groundEstimatedHeight v1.1.0 CRITICAL Missing coordinates of area 4486183
2020-05-31 19:42:58,867 groundEstimatedHeight v1.1.0 CRITICAL Missing coordinates of area 71999791
2020-05-31 19:42:58,867 groundEstimatedHeight v1.1.0 CRITICAL Missing coordinates of area 101003256852360
2020-05-31 19:42:58,867 groundEstimatedHeight v1.1.0 CRITICAL Missing coordinates of area 364849168
2020-05-31 19:42:58,867 groundEstimatedHeight v1.1.0 CRITICAL Missing coordinates of area 800001339888922
2020-05-31 19:42:58,867 groundEstimatedHeight v1.1.0 CRITICAL Missing coordinates of area 400002574954614
2020-05-31 19:42:58,867 groundEstimatedHeight v1.1.0 CRITICAL Missing coordinates of area 400002574954616
2020-05-31 19:42:58,867 groundEstimatedHeight v1.1.0 CRITICAL Missing coordinates of area 400002574954618
2020-05-31 19:42:58,867 groundEstimatedHeight v1.1.0 CRITICAL Missing coordinates of area 400002574954628
2020-05-31 19:42:58,867 groundEstimatedHeight v1.1.0 CRITICAL Missing coordinates of area 4486045
2020-05-31 19:42:58,867 groundEstimatedHeight v1.1.0 CRITICAL Missing coordinates of area 4485802
2020-05-31 19:42:58,867 groundEstimatedHeight v1.1.0 CRITICAL Missing coordinates of area 4486013
2020-05-31 19:42:58,867 groundEstimatedHeight v1.1.0 CRITICAL Missing coordinates of area 349302840
2020-05-31 19:42:58,867 groundEstimatedHeight v1.1.0 CRITICAL Missing coordinates of area 349302842
2020-05-31 19:42:58,867 groundEstimatedHeight v1.1.0 CRITICAL Missing coordinates of area 349302848
2020-05-31 19:42:58,867 groundEstimatedHeight v1.1.0 CRITICAL Missing coordinates of area 349302850
2020-05-31 19:42:58,867 groundEstimatedHeight v1.1.0 CRITICAL Missing coordinates of area 349302852
2020-05-31 19:42:58,867 groundEstimatedHeight v1.1.0 CRITICAL Missing coordinates of area 349302724
2020-05-31 19:42:58,867 groundEstimatedHeight v1.1.0 CRITICAL Missing coordinates of area 400002196596186
2020-05-31 19:42:58,867 groundEstimatedHeight v1.1.0 CRITICAL Missing coordinates of area 349302846
2020-05-31 19:42:58,867 groundEstimatedHeight v1.1.0 CRITICAL Missing coordinates of area 400002816000378
2020-05-31 19:42:58,867 groundEstimatedHeight v1.1.0 CRITICAL Missing coordinates of area 4486097
2020-05-31 19:42:58,883 groundEstimatedHeight v1.1.0 INFO Write Referential Ground Estimated Height: 178 heights in file D:/_Users_/BPascal/_4_Src/Src_Python/git/aixmParser/src/../out/referentials/_EAD-SDO_refGroundEstimatedHeight.json
2020-05-31 19:42:58,883 groundEstimatedHeight v1.1.0 INFO Write GeoJSON View of Referential Ground Estimated Height: 178 features in file D:/_Users_/BPascal/_4_Src/Src_Python/git/aixmParser/src/../out/referentials/_EAD-SDO_refGroundEstimatedHeight.geojson
2020-05-31 19:42:58,883 groundEstimatedHeight v1.1.0 INFO [bpaTools.Logger.Logger]groundEstimatedHeight v1.1.0 - Report
     3 (i)Info
   178 /!\Critical
2020-05-31 19:42:58,883 groundEstimatedHeight v1.1.0 INFO /!\Show log file for details - D:/_Users_/BPascal/_4_Src/Src_Python/git/aixmParser/src/../out/_groundEstimatedHeight.log
2020-05-31 19:48:14,298 groundEstimatedHeight v1.1.0 INFO Logger closed - [bpaTools.Logger.Logger]groundEstimatedHeight v1.1.0
2020-05-31 20:00:56,538 groundEstimatedHeight v1.1.0 INFO Logger started - [bpaTools.Logger.Logger]groundEstimatedHeight v1.1.0
2020-05-31 20:01:56,925 groundEstimatedHeight v1.1.0 INFO Logger closed - [bpaTools.Logger.Logger]groundEstimatedHeight v1.1.0
2020-05-31 20:01:57,066 groundEstimatedHeight v1.1.0 INFO Logger started - [bpaTools.Logger.Logger]groundEstimatedHeight v1.1.0
2020-05-31 20:02:59,401 groundEstimatedHeight v1.1.0 INFO Logger started - [bpaTools.Logger.Logger]groundEstimatedHeight v1.1.0
2020-05-31 20:02:59,401 groundEstimatedHeight v1.1.0 INFO Logger started - [bpaTools.Logger.Logger]groundEstimatedHeight v1.1.0
2020-05-31 20:02:59,463 groundEstimatedHeight v1.1.0 INFO Logger closed - [bpaTools.Logger.Logger]groundEstimatedHeight v1.1.0
2020-05-31 20:02:59,463 groundEstimatedHeight v1.1.0 INFO Logger closed - [bpaTools.Logger.Logger]groundEstimatedHeight v1.1.0
2020-05-31 20:02:59,479 groundEstimatedHeight v1.1.0 INFO Logger started - [bpaTools.Logger.Logger]groundEstimatedHeight v1.1.0
2020-05-31 20:04:23,054 groundEstimatedHeight v1.1.0 INFO Logger started - [bpaTools.Logger.Logger]groundEstimatedHeight v1.1.0
2020-05-31 20:04:23,054 groundEstimatedHeight v1.1.0 INFO Logger started - [bpaTools.Logger.Logger]groundEstimatedHeight v1.1.0
2020-05-31 20:06:06,937 groundEstimatedHeight v1.1.0 INFO Logger closed - [bpaTools.Logger.Logger]groundEstimatedHeight v1.1.0
2020-05-31 20:06:06,937 groundEstimatedHeight v1.1.0 INFO Logger closed - [bpaTools.Logger.Logger]groundEstimatedHeight v1.1.0
2020-05-31 20:06:07,094 groundEstimatedHeight v1.1.0 INFO Logger started - [bpaTools.Logger.Logger]groundEstimatedHeight v1.1.0
2020-05-31 20:07:14,064 groundEstimatedHeight v1.1.0 INFO Logger closed - [bpaTools.Logger.Logger]groundEstimatedHeight v1.1.0
2020-05-31 20:07:14,205 groundEstimatedHeight v1.1.0 INFO Logger started - [bpaTools.Logger.Logger]groundEstimatedHeight v1.1.0
2020-05-31 20:08:31,329 groundEstimatedHeight v1.1.0 INFO Logger closed - [bpaTools.Logger.Logger]groundEstimatedHeight v1.1.0
2020-05-31 20:08:31,470 groundEstimatedHeight v1.1.0 INFO Logger started - [bpaTools.Logger.Logger]groundEstimatedHeight v1.1.0
2020-05-31 20:14:44,217 groundEstimatedHeight v1.1.0 INFO Logger closed - [bpaTools.Logger.Logger]groundEstimatedHeight v1.1.0
2020-05-31 20:14:44,387 groundEstimatedHeight v1.1.0 INFO Logger started - [bpaTools.Logger.Logger]groundEstimatedHeight v1.1.0
2020-05-31 20:25:29,927 groundEstimatedHeight v1.1.0 INFO Logger closed - [bpaTools.Logger.Logger]groundEstimatedHeight v1.1.0
2020-05-31 20:25:30,052 groundEstimatedHeight v1.1.0 INFO Logger started - [bpaTools.Logger.Logger]groundEstimatedHeight v1.1.0
2020-05-31 20:25:30,052 groundEstimatedHeight v1.1.0 INFO Logger closed - [bpaTools.Logger.Logger]groundEstimatedHeight v1.1.0
2020-05-31 20:25:32,543 groundEstimatedHeight v1.1.0 INFO Logger started - [bpaTools.Logger.Logger]groundEstimatedHeight v1.1.0
2020-05-31 20:30:19,631 groundEstimatedHeight v1.1.0 INFO Logger closed - [bpaTools.Logger.Logger]groundEstimatedHeight v1.1.0
2020-05-31 20:30:20,834 groundEstimatedHeight v1.1.0 INFO Logger started - [bpaTools.Logger.Logger]groundEstimatedHeight v1.1.0
2020-05-31 20:34:02,555 groundEstimatedHeight v1.1.0 INFO Logger started - [bpaTools.Logger.Logger]groundEstimatedHeight v1.1.0
2020-05-31 20:34:02,555 groundEstimatedHeight v1.1.0 INFO Logger started - [bpaTools.Logger.Logger]groundEstimatedHeight v1.1.0
2020-05-31 20:34:02,570 groundEstimatedHeight v1.1.0 INFO Logger closed - [bpaTools.Logger.Logger]groundEstimatedHeight v1.1.0
2020-05-31 20:34:02,570 groundEstimatedHeight v1.1.0 INFO Logger closed - [bpaTools.Logger.Logger]groundEstimatedHeight v1.1.0
2020-05-31 20:34:02,586 groundEstimatedHeight v1.1.0 INFO Logger started - [bpaTools.Logger.Logger]groundEstimatedHeight v1.1.0
2020-05-31 20:34:42,524 groundEstimatedHeight v1.1.0 INFO Logger closed - [bpaTools.Logger.Logger]groundEstimatedHeight v1.1.0
2020-05-31 20:34:42,649 groundEstimatedHeight v1.1.0 INFO Logger started - [bpaTools.Logger.Logger]groundEstimatedHeight v1.1.0
2020-05-31 20:34:42,664 groundEstimatedHeight v1.1.0 INFO Logger closed - [bpaTools.Logger.Logger]groundEstimatedHeight v1.1.0
2020-05-31 20:34:42,680 groundEstimatedHeight v1.1.0 INFO Logger started - [bpaTools.Logger.Logger]groundEstimatedHeight v1.1.0
2020-05-31 20:37:15,224 groundEstimatedHeight v1.1.0 INFO Logger started - [bpaTools.Logger.Logger]groundEstimatedHeight v1.1.0
2020-05-31 20:37:15,224 groundEstimatedHeight v1.1.0 INFO Logger started - [bpaTools.Logger.Logger]groundEstimatedHeight v1.1.0
2020-05-31 20:37:15,240 groundEstimatedHeight v1.1.0 INFO Logger closed - [bpaTools.Logger.Logger]groundEstimatedHeight v1.1.0
2020-05-31 20:37:15,240 groundEstimatedHeight v1.1.0 INFO Logger closed - [bpaTools.Logger.Logger]groundEstimatedHeight v1.1.0
2020-05-31 20:37:15,256 groundEstimatedHeight v1.1.0 INFO Logger started - [bpaTools.Logger.Logger]groundEstimatedHeight v1.1.0
2020-05-31 20:39:28,705 groundEstimatedHeight v1.1.0 INFO Logger started - [bpaTools.Logger.Logger]groundEstimatedHeight v1.1.0
2020-05-31 20:39:28,705 groundEstimatedHeight v1.1.0 INFO Logger started - [bpaTools.Logger.Logger]groundEstimatedHeight v1.1.0
2020-05-31 20:43:23,956 groundEstimatedHeight v1.1.0 INFO Logger closed - [bpaTools.Logger.Logger]groundEstimatedHeight v1.1.0
2020-05-31 20:43:23,956 groundEstimatedHeight v1.1.0 INFO Logger closed - [bpaTools.Logger.Logger]groundEstimatedHeight v1.1.0
2020-05-31 20:43:24,096 groundEstimatedHeight v1.1.0 INFO Logger started - [bpaTools.Logger.Logger]groundEstimatedHeight v1.1.0
2020-05-31 20:43:24,112 groundEstimatedHeight v1.1.0 INFO Logger closed - [bpaTools.Logger.Logger]groundEstimatedHeight v1.1.0
2020-05-31 20:43:24,128 groundEstimatedHeight v1.1.0 INFO Logger started - [bpaTools.Logger.Logger]groundEstimatedHeight v1.1.0
2020-05-31 20:44:14,489 groundEstimatedHeight v1.1.0 INFO Logger closed - [bpaTools.Logger.Logger]groundEstimatedHeight v1.1.0
2020-05-31 20:44:14,630 groundEstimatedHeight v1.1.0 INFO Logger started - [bpaTools.Logger.Logger]groundEstimatedHeight v1.1.0
2020-05-31 20:45:03,805 groundEstimatedHeight v1.1.0 INFO Logger closed - [bpaTools.Logger.Logger]groundEstimatedHeight v1.1.0
2020-05-31 20:45:03,945 groundEstimatedHeight v1.1.0 INFO Logger started - [bpaTools.Logger.Logger]groundEstimatedHeight v1.1.0
2020-05-31 20:45:05,380 groundEstimatedHeight v1.1.0 INFO Logger closed - [bpaTools.Logger.Logger]groundEstimatedHeight v1.1.0
2020-05-31 20:45:48,231 groundEstimatedHeight v1.1.0 INFO Logger started - [bpaTools.Logger.Logger]groundEstimatedHeight v1.1.0
2020-05-31 20:45:49,294 groundEstimatedHeight v1.1.0 INFO Logger closed - [bpaTools.Logger.Logger]groundEstimatedHeight v1.1.0
2020-05-31 20:46:13,847 groundEstimatedHeight v1.1.0 INFO Logger started - [bpaTools.Logger.Logger]groundEstimatedHeight v1.1.0
2020-05-31 20:46:14,884 groundEstimatedHeight v1.1.0 INFO Logger closed - [bpaTools.Logger.Logger]groundEstimatedHeight v1.1.0
2020-05-31 20:48:35,516 groundEstimatedHeight v1.1.0 INFO Logger started - [bpaTools.Logger.Logger]groundEstimatedHeight v1.1.0
2020-05-31 20:48:36,607 groundEstimatedHeight v1.1.0 INFO Logger closed - [bpaTools.Logger.Logger]groundEstimatedHeight v1.1.0
2020-05-31 20:49:05,641 groundEstimatedHeight v1.1.0 INFO Logger started - [bpaTools.Logger.Logger]groundEstimatedHeight v1.1.0
2020-06-07 18:12:38,284 groundEstimatedHeight v1.1.0 INFO Logger started - [bpaTools.Logger.Logger]groundEstimatedHeight v1.1.0
2020-06-07 18:18:32,764 groundEstimatedHeight v1.1.0 INFO Logger started - [bpaTools.Logger.Logger]groundEstimatedHeight v1.1.0
2020-06-07 18:18:32,764 groundEstimatedHeight v1.1.0 INFO Logger started - [bpaTools.Logger.Logger]groundEstimatedHeight v1.1.0
2020-06-07 18:18:33,752 groundEstimatedHeight v1.1.0 INFO Logger closed - [bpaTools.Logger.Logger]groundEstimatedHeight v1.1.0
2020-06-07 18:18:33,752 groundEstimatedHeight v1.1.0 INFO Logger closed - [bpaTools.Logger.Logger]groundEstimatedHeight v1.1.0
2020-06-07 18:56:47,824 groundEstimatedHeight v1.1.0 INFO Logger started - [bpaTools.Logger.Logger]groundEstimatedHeight v1.1.0
2020-06-07 19:07:19,749 groundEstimatedHeight v1.1.0 INFO Logger started - [bpaTools.Logger.Logger]groundEstimatedHeight v1.1.0
2020-06-07 19:07:19,749 groundEstimatedHeight v1.1.0 INFO Logger started - [bpaTools.Logger.Logger]groundEstimatedHeight v1.1.0
2020-06-07 19:07:20,696 groundEstimatedHeight v1.1.0 INFO Logger closed - [bpaTools.Logger.Logger]groundEstimatedHeight v1.1.0
2020-06-07 19:07:20,696 groundEstimatedHeight v1.1.0 INFO Logger closed - [bpaTools.Logger.Logger]groundEstimatedHeight v1.1.0
2020-06-07 19:16:42,363 groundEstimatedHeight v1.1.0 INFO Logger started - [bpaTools.Logger.Logger]groundEstimatedHeight v1.1.0
2020-06-07 19:16:43,339 groundEstimatedHeight v1.1.0 INFO Logger closed - [bpaTools.Logger.Logger]groundEstimatedHeight v1.1.0
2020-06-07 19:23:28,388 groundEstimatedHeight v1.1.0 INFO Logger started - [bpaTools.Logger.Logger]groundEstimatedHeight v1.1.0
2020-06-07 19:23:29,355 groundEstimatedHeight v1.1.0 INFO Logger closed - [bpaTools.Logger.Logger]groundEstimatedHeight v1.1.0
2020-06-07 19:23:48,759 groundEstimatedHeight v1.1.0 INFO Logger started - [bpaTools.Logger.Logger]groundEstimatedHeight v1.1.0
2020-06-07 19:23:49,710 groundEstimatedHeight v1.1.0 INFO Logger closed - [bpaTools.Logger.Logger]groundEstimatedHeight v1.1.0
2020-06-07 19:24:28,534 groundEstimatedHeight v1.1.0 INFO Logger started - [bpaTools.Logger.Logger]groundEstimatedHeight v1.1.0
2020-06-07 19:24:29,508 groundEstimatedHeight v1.1.0 INFO Logger closed - [bpaTools.Logger.Logger]groundEstimatedHeight v1.1.0
2020-06-07 19:25:12,416 groundEstimatedHeight v1.1.0 INFO Logger started - [bpaTools.Logger.Logger]groundEstimatedHeight v1.1.0
2020-06-07 19:25:13,397 groundEstimatedHeight v1.1.0 INFO Logger closed - [bpaTools.Logger.Logger]groundEstimatedHeight v1.1.0
2020-06-07 19:29:01,552 groundEstimatedHeight v1.1.0 INFO Logger started - [bpaTools.Logger.Logger]groundEstimatedHeight v1.1.0
2020-06-07 19:29:02,562 groundEstimatedHeight v1.1.0 INFO Logger closed - [bpaTools.Logger.Logger]groundEstimatedHeight v1.1.0
2020-06-07 19:31:21,804 groundEstimatedHeight v1.1.0 INFO Logger started - [bpaTools.Logger.Logger]groundEstimatedHeight v1.1.0
2020-06-07 19:32:14,071 groundEstimatedHeight v1.1.0 INFO Logger started - [bpaTools.Logger.Logger]groundEstimatedHeight v1.1.0
2020-06-07 19:32:14,071 groundEstimatedHeight v1.1.0 INFO Logger started - [bpaTools.Logger.Logger]groundEstimatedHeight v1.1.0
2020-06-07 19:32:15,046 groundEstimatedHeight v1.1.0 INFO Logger closed - [bpaTools.Logger.Logger]groundEstimatedHeight v1.1.0
2020-06-07 19:32:15,046 groundEstimatedHeight v1.1.0 INFO Logger closed - [bpaTools.Logger.Logger]groundEstimatedHeight v1.1.0
2020-06-07 19:33:18,357 groundEstimatedHeight v1.1.0 INFO Logger started - [bpaTools.Logger.Logger]groundEstimatedHeight v1.1.0
2020-06-07 19:33:19,346 groundEstimatedHeight v1.1.0 INFO Logger closed - [bpaTools.Logger.Logger]groundEstimatedHeight v1.1.0
2020-06-07 19:39:18,795 groundEstimatedHeight v1.1.0 INFO Logger started - [bpaTools.Logger.Logger]groundEstimatedHeight v1.1.0
2020-06-07 19:39:19,798 groundEstimatedHeight v1.1.0 INFO Logger closed - [bpaTools.Logger.Logger]groundEstimatedHeight v1.1.0
2020-06-07 19:41:12,089 groundEstimatedHeight v1.1.0 INFO Logger started - [bpaTools.Logger.Logger]groundEstimatedHeight v1.1.0
2020-06-07 19:41:13,063 groundEstimatedHeight v1.1.0 INFO Logger closed - [bpaTools.Logger.Logger]groundEstimatedHeight v1.1.0
2020-06-07 19:42:17,771 groundEstimatedHeight v1.1.0 INFO Logger started - [bpaTools.Logger.Logger]groundEstimatedHeight v1.1.0
2020-06-07 19:42:18,753 groundEstimatedHeight v1.1.0 INFO Logger closed - [bpaTools.Logger.Logger]groundEstimatedHeight v1.1.0
2020-06-07 19:43:07,235 groundEstimatedHeight v1.1.0 INFO Logger started - [bpaTools.Logger.Logger]groundEstimatedHeight v1.1.0
2020-06-07 19:43:08,214 groundEstimatedHeight v1.1.0 INFO Logger closed - [bpaTools.Logger.Logger]groundEstimatedHeight v1.1.0
2020-06-07 21:41:07,430 groundEstimatedHeight v1.1.0 INFO Logger started - [bpaTools.Logger.Logger]groundEstimatedHeight v1.1.0
2020-06-07 21:41:24,112 groundEstimatedHeight v1.1.0 INFO Logger closed - [bpaTools.Logger.Logger]groundEstimatedHeight v1.1.0
2020-06-28 12:23:32,906 groundEstimatedHeight v1.1.0 INFO Logger started - [bpaTools.Logger.Logger]groundEstimatedHeight v1.1.0
2020-06-28 13:40:13,054 groundEstimatedHeight v1.1.0 INFO Logger started - [bpaTools.Logger.Logger]groundEstimatedHeight v1.1.0
